c:\users\pierre\appdata\roaming\rackafx\rackafxprojects\stereolcrchorus\vc141.pdb
c:\users\pierre\appdata\roaming\rackafx\rackafxprojects\stereolcrchorus\vc141.idb
c:\users\pierre\appdata\roaming\rackafx\rackafxprojects\stereolcrchorus\plugin.obj
c:\users\pierre\appdata\roaming\rackafx\rackafxprojects\stereolcrchorus\pluginobjects.obj
c:\users\pierre\appdata\roaming\rackafx\rackafxprojects\stereolcrchorus\rackafxdll.obj
c:\users\pierre\appdata\roaming\rackafx\rackafxprojects\stereolcrchorus\moddelaymodule.obj
c:\users\pierre\appdata\roaming\rackafx\rackafxprojects\stereolcrchorus\ddlmodule.obj
c:\users\pierre\appdata\roaming\rackafx\rackafxprojects\stereolcrchorus\wtoscilltor.obj
c:\users\pierre\appdata\roaming\rackafx\rackafxprojects\stereolcrchorus\stereolcrchorus.obj
c:\users\pierre\appdata\roaming\rackafx\rackafxprojects\stereolcrchorus\stereolcrchorus.pdb
c:\users\pierre\appdata\roaming\rackafx\rackafxprojects\stereolcrchorus\stereolcrchorus.res
c:\users\pierre\appdata\roaming\rackafx\plugins\stereolcrchorus.lib
c:\users\pierre\appdata\roaming\rackafx\plugins\stereolcrchorus.exp
c:\users\pierre\appdata\roaming\rackafx\plugins\stereolcrchorus.pdb
c:\users\pierre\appdata\roaming\rackafx\plugins\stereolcrchorus.dll
c:\users\pierre\appdata\roaming\rackafx\plugins\stereolcrchorus.ilk
c:\users\pierre\appdata\roaming\rackafx\rackafxprojects\stereolcrchorus\stereolcrchorus.tlog\cl.command.1.tlog
c:\users\pierre\appdata\roaming\rackafx\rackafxprojects\stereolcrchorus\stereolcrchorus.tlog\cl.read.1.tlog
c:\users\pierre\appdata\roaming\rackafx\rackafxprojects\stereolcrchorus\stereolcrchorus.tlog\cl.write.1.tlog
c:\users\pierre\appdata\roaming\rackafx\rackafxprojects\stereolcrchorus\stereolcrchorus.tlog\link.command.1.tlog
c:\users\pierre\appdata\roaming\rackafx\rackafxprojects\stereolcrchorus\stereolcrchorus.tlog\link.read.1.tlog
c:\users\pierre\appdata\roaming\rackafx\rackafxprojects\stereolcrchorus\stereolcrchorus.tlog\link.write.1.tlog
c:\users\pierre\appdata\roaming\rackafx\rackafxprojects\stereolcrchorus\stereolcrchorus.tlog\rc.command.1.tlog
c:\users\pierre\appdata\roaming\rackafx\rackafxprojects\stereolcrchorus\stereolcrchorus.tlog\rc.read.1.tlog
c:\users\pierre\appdata\roaming\rackafx\rackafxprojects\stereolcrchorus\stereolcrchorus.tlog\rc.write.1.tlog
c:\users\pierre\appdata\roaming\rackafx\rackafxprojects\stereolcrchorus\stereolcrchorus.tlog\stereolcrchorus.write.1u.tlog
