c:\users\pierre\appdata\roaming\rackafx\rackafxprojects\resonnator\vc141.pdb
c:\users\pierre\appdata\roaming\rackafx\rackafxprojects\resonnator\vc141.idb
c:\users\pierre\appdata\roaming\rackafx\rackafxprojects\resonnator\plugin.obj
c:\users\pierre\appdata\roaming\rackafx\rackafxprojects\resonnator\pluginobjects.obj
c:\users\pierre\appdata\roaming\rackafx\rackafxprojects\resonnator\rackafxdll.obj
c:\users\pierre\appdata\roaming\rackafx\rackafxprojects\resonnator\resonnator.obj
c:\users\pierre\appdata\roaming\rackafx\rackafxprojects\resonnator\resonnator.pdb
c:\users\pierre\appdata\roaming\rackafx\rackafxprojects\resonnator\resonnator.res
c:\users\pierre\appdata\roaming\rackafx\plugins\resonnator.lib
c:\users\pierre\appdata\roaming\rackafx\plugins\resonnator.exp
c:\users\pierre\appdata\roaming\rackafx\plugins\resonnator.pdb
c:\users\pierre\appdata\roaming\rackafx\plugins\resonnator.dll
c:\users\pierre\appdata\roaming\rackafx\plugins\resonnator.ilk
c:\users\pierre\appdata\roaming\rackafx\rackafxprojects\resonnator\resonnator.tlog\cl.command.1.tlog
c:\users\pierre\appdata\roaming\rackafx\rackafxprojects\resonnator\resonnator.tlog\cl.read.1.tlog
c:\users\pierre\appdata\roaming\rackafx\rackafxprojects\resonnator\resonnator.tlog\cl.write.1.tlog
c:\users\pierre\appdata\roaming\rackafx\rackafxprojects\resonnator\resonnator.tlog\link.command.1.tlog
c:\users\pierre\appdata\roaming\rackafx\rackafxprojects\resonnator\resonnator.tlog\link.read.1.tlog
c:\users\pierre\appdata\roaming\rackafx\rackafxprojects\resonnator\resonnator.tlog\link.write.1.tlog
c:\users\pierre\appdata\roaming\rackafx\rackafxprojects\resonnator\resonnator.tlog\rc.command.1.tlog
c:\users\pierre\appdata\roaming\rackafx\rackafxprojects\resonnator\resonnator.tlog\rc.read.1.tlog
c:\users\pierre\appdata\roaming\rackafx\rackafxprojects\resonnator\resonnator.tlog\rc.write.1.tlog
c:\users\pierre\appdata\roaming\rackafx\rackafxprojects\resonnator\resonnator.tlog\resonnator.write.1u.tlog
