c:\users\pierre\appdata\roaming\rackafx\rackafxprojects\stereodelay\vc141.pdb
c:\users\pierre\appdata\roaming\rackafx\rackafxprojects\stereodelay\vc141.idb
c:\users\pierre\appdata\roaming\rackafx\rackafxprojects\stereodelay\plugin.obj
c:\users\pierre\appdata\roaming\rackafx\rackafxprojects\stereodelay\pluginobjects.obj
c:\users\pierre\appdata\roaming\rackafx\rackafxprojects\stereodelay\rackafxdll.obj
c:\users\pierre\appdata\roaming\rackafx\rackafxprojects\stereodelay\stereodelay.obj
c:\users\pierre\appdata\roaming\rackafx\rackafxprojects\stereodelay\ddlmodule.obj
c:\users\pierre\appdata\roaming\rackafx\rackafxprojects\stereodelay\stereodelay.pdb
c:\users\pierre\appdata\roaming\rackafx\rackafxprojects\stereodelay\stereodelay.res
c:\users\pierre\appdata\roaming\rackafx\plugins\stereodelay.lib
c:\users\pierre\appdata\roaming\rackafx\plugins\stereodelay.exp
c:\users\pierre\appdata\roaming\rackafx\plugins\stereodelay.pdb
c:\users\pierre\appdata\roaming\rackafx\plugins\stereodelay.dll
c:\users\pierre\appdata\roaming\rackafx\plugins\stereodelay.ilk
c:\users\pierre\appdata\roaming\rackafx\rackafxprojects\stereodelay\stereodelay.tlog\cl.command.1.tlog
c:\users\pierre\appdata\roaming\rackafx\rackafxprojects\stereodelay\stereodelay.tlog\cl.read.1.tlog
c:\users\pierre\appdata\roaming\rackafx\rackafxprojects\stereodelay\stereodelay.tlog\cl.write.1.tlog
c:\users\pierre\appdata\roaming\rackafx\rackafxprojects\stereodelay\stereodelay.tlog\link.command.1.tlog
c:\users\pierre\appdata\roaming\rackafx\rackafxprojects\stereodelay\stereodelay.tlog\link.delete.1.tlog
c:\users\pierre\appdata\roaming\rackafx\rackafxprojects\stereodelay\stereodelay.tlog\link.read.1.tlog
c:\users\pierre\appdata\roaming\rackafx\rackafxprojects\stereodelay\stereodelay.tlog\link.write.1.tlog
c:\users\pierre\appdata\roaming\rackafx\rackafxprojects\stereodelay\stereodelay.tlog\rc.command.1.tlog
c:\users\pierre\appdata\roaming\rackafx\rackafxprojects\stereodelay\stereodelay.tlog\rc.read.1.tlog
c:\users\pierre\appdata\roaming\rackafx\rackafxprojects\stereodelay\stereodelay.tlog\rc.write.1.tlog
c:\users\pierre\appdata\roaming\rackafx\rackafxprojects\stereodelay\stereodelay.tlog\stereodelay.write.1u.tlog
