c:\users\pierre\appdata\roaming\rackafx\rackafxprojects\ddlmodule\vc141.pdb
c:\users\pierre\appdata\roaming\rackafx\rackafxprojects\ddlmodule\vc141.idb
c:\users\pierre\appdata\roaming\rackafx\rackafxprojects\ddlmodule\plugin.obj
c:\users\pierre\appdata\roaming\rackafx\rackafxprojects\ddlmodule\pluginobjects.obj
c:\users\pierre\appdata\roaming\rackafx\rackafxprojects\ddlmodule\rackafxdll.obj
c:\users\pierre\appdata\roaming\rackafx\rackafxprojects\ddlmodule\ddlmodule.obj
c:\users\pierre\appdata\roaming\rackafx\plugins\ddlmodule.lib
c:\users\pierre\appdata\roaming\rackafx\plugins\ddlmodule.exp
c:\users\pierre\appdata\roaming\rackafx\rackafxprojects\ddlmodule\ddlmodule.res
c:\users\pierre\appdata\roaming\rackafx\plugins\ddlmodule.pdb
c:\users\pierre\appdata\roaming\rackafx\plugins\ddlmodule.dll
c:\users\pierre\appdata\roaming\rackafx\plugins\ddlmodule.ilk
c:\users\pierre\appdata\roaming\rackafx\rackafxprojects\ddlmodule\ddlmodule.tlog\cl.command.1.tlog
c:\users\pierre\appdata\roaming\rackafx\rackafxprojects\ddlmodule\ddlmodule.tlog\cl.read.1.tlog
c:\users\pierre\appdata\roaming\rackafx\rackafxprojects\ddlmodule\ddlmodule.tlog\cl.write.1.tlog
c:\users\pierre\appdata\roaming\rackafx\rackafxprojects\ddlmodule\ddlmodule.tlog\ddlmodule.write.1u.tlog
c:\users\pierre\appdata\roaming\rackafx\rackafxprojects\ddlmodule\ddlmodule.tlog\link.command.1.tlog
c:\users\pierre\appdata\roaming\rackafx\rackafxprojects\ddlmodule\ddlmodule.tlog\link.read.1.tlog
c:\users\pierre\appdata\roaming\rackafx\rackafxprojects\ddlmodule\ddlmodule.tlog\link.write.1.tlog
c:\users\pierre\appdata\roaming\rackafx\rackafxprojects\ddlmodule\ddlmodule.tlog\rc.command.1.tlog
c:\users\pierre\appdata\roaming\rackafx\rackafxprojects\ddlmodule\ddlmodule.tlog\rc.read.1.tlog
c:\users\pierre\appdata\roaming\rackafx\rackafxprojects\ddlmodule\ddlmodule.tlog\rc.write.1.tlog
